<?xml version="1.0" encoding="UTF-8"?>
<!-- Generated by org.testng.reporters.JUnitReportReporter -->
<testsuite hostname="REM-LT-230130C" failures="0" tests="4" name="testng.Test2" time="5.680" errors="0" timestamp="2023-02-13T17:22:20 CST" skipped="2">
  <testcase classname="testng.Test2" name="validateFullResponseLonger2" time="5.354"/>
  <system-out>
    <![CDATA[Sucess status code and response items validation]]>
  </system-out>
  <testcase classname="testng.Test2" name="validateFullResponseSimpler2" time="0.326"/>
  <system-out>
    <![CDATA[Sucess status code and response items validation]]>
  </system-out>
  <testcase classname="testng.Test2" name="validateFullResponseLonger">
    <skipped/>
  </testcase> <!-- validateFullResponseLonger -->
  <system-out/>
  <testcase classname="testng.Test2" name="validateFullResponseSimpler">
    <skipped/>
  </testcase> <!-- validateFullResponseSimpler -->
  <system-out/>
</testsuite> <!-- testng.Test2 -->
