<?xml version="1.0" encoding="UTF-8"?>
<!-- Generated by org.testng.reporters.JUnitReportReporter -->
<testsuite hostname="REM-LT-230130C" failures="0" tests="2" name="testng.PostTest" time="3.154" errors="0" timestamp="2023-02-14T12:49:44 CST" skipped="1">
  <testcase classname="testng.PostTest" name="validatePostTestFromMyResponse" time="3.154"/>
  <system-out/>
  <testcase classname="testng.PostTest" name="validatePostTest">
    <skipped/>
  </testcase> <!-- validatePostTest -->
  <system-out/>
</testsuite> <!-- testng.PostTest -->
