<?xml version="1.0" encoding="UTF-8"?>
<!-- Generated by org.testng.reporters.JUnitReportReporter -->
<testsuite hostname="REM-LT-230130C" failures="0" tests="1" name="testng.PlacesTest" time="2.719" errors="0" timestamp="2023-02-15T13:09:11 CST" skipped="0">
  <testcase classname="testng.PlacesTest" name="validatePostAddPlace" time="2.719"/>
  <system-out>
    <![CDATA[PostAddPlace status code: 200
PostAddPlace response body: {
    "status": "OK",
    "place_id": "e18db979ed1a5c19add8ad5f9b6c8028",
    "scope": "APP",
    "reference": "f0c5993d91a908c7158e34a9b2712ce0f0c5993d91a908c7158e34a9b2712ce0",
    "id": "f0c5993d91a908c7158e34a9b2712ce0"
}]]>
  </system-out>
</testsuite> <!-- testng.PlacesTest -->
