<?xml version="1.0" encoding="UTF-8"?>
<!-- Generated by org.testng.reporters.JUnitReportReporter -->
<testsuite hostname="REM-LT-230130C" failures="0" tests="4" name="testng.TestJSONSimple" time="0.178" errors="0" timestamp="2023-02-13T22:10:11 CST" skipped="3">
  <testcase classname="testng.TestJSONSimple" name="JSONArrayToObject" time="0.178"/>
  <system-out/>
  <testcase classname="testng.TestJSONSimple" name="writeJsonList">
    <skipped/>
  </testcase> <!-- writeJsonList -->
  <system-out/>
  <testcase classname="testng.TestJSONSimple" name="writeJson">
    <skipped/>
  </testcase> <!-- writeJson -->
  <system-out/>
  <testcase classname="testng.TestJSONSimple" name="JSONToObject">
    <skipped/>
  </testcase> <!-- JSONToObject -->
  <system-out/>
</testsuite> <!-- testng.TestJSONSimple -->
