<?xml version="1.0" encoding="UTF-8"?>
<!-- Generated by org.testng.reporters.JUnitReportReporter -->
<testsuite hostname="REM-LT-230130C" failures="0" tests="3" name="testng.Test1" time="4.125" errors="0" timestamp="2023-02-13T16:55:16 CST" skipped="0">
  <testcase classname="testng.Test1" name="bodyIsValidModified" time="0.226"/>
  <system-out>
    <![CDATA[Sucess staus code and content type validation]]>
  </system-out>
  <testcase classname="testng.Test1" name="f" time="0.229"/>
  <system-out>
    <![CDATA[Sucess 200 validation]]>
  </system-out>
  <testcase classname="testng.Test1" name="bodyIsValid" time="3.670"/>
  <system-out>
    <![CDATA[Sucess first_name and last_name validation]]>
  </system-out>
</testsuite> <!-- testng.Test1 -->
